<?xml version="1.0" encoding="UTF-8"?>
<!-- Generated by org.testng.reporters.JUnitReportReporter -->
<testsuite hostname="DESKTOP-JJCDIKB" failures="0" tests="1" name="testCases.CheckoutStepOnePageTest" time="22.959" errors="0" timestamp="2025-02-04T23:54:37 IST" skipped="0">
  <testcase classname="testCases.CheckoutStepOnePageTest" name="informationtTest" time="22.959"/>
  <system-out>
    <![CDATA[Verify checkout page Title =https://www.saucedemo.com/checkout-step-two.html]]>
  </system-out>
</testsuite> <!-- testCases.CheckoutStepOnePageTest -->
