<?xml version="1.0" encoding="UTF-8"?>
<!-- Generated by org.testng.reporters.JUnitReportReporter -->
<testsuite hostname="DESKTOP-JJCDIKB" failures="0" tests="1" name="testCases.CheckoutStepTwoPageTest" time="15.724" errors="0" timestamp="2025-02-09T00:11:45 IST" skipped="0">
  <testcase classname="testCases.CheckoutStepTwoPageTest" name="clickOnFinishBtnTest" time="15.724"/>
  <system-out>
    <![CDATA[ Click on Finish Button=https://www.saucedemo.com/checkout-complete.html]]>
  </system-out>
</testsuite> <!-- testCases.CheckoutStepTwoPageTest -->
