<?xml version="1.0" encoding="UTF-8"?>
<!-- Generated by org.testng.reporters.JUnitReportReporter -->
<testsuite hostname="DESKTOP-JJCDIKB" failures="0" tests="4" name="testCases.OpenMenuPageTest" time="46.354" errors="0" timestamp="2025-02-09T00:08:17 IST" skipped="0">
  <testcase classname="testCases.OpenMenuPageTest" name="getAboutTxtTest" time="10.844"/>
  <system-out>
    <![CDATA[Fetch About Text =About]]>
  </system-out>
  <testcase classname="testCases.OpenMenuPageTest" name="getResetAppTxtTest" time="10.874"/>
  <system-out>
    <![CDATA[Fetch Logout Text =Reset App State]]>
  </system-out>
  <testcase classname="testCases.OpenMenuPageTest" name="getAllItemsTxtTest" time="10.245"/>
  <system-out>
    <![CDATA[Fetch All Items Text =All Items]]>
  </system-out>
  <testcase classname="testCases.OpenMenuPageTest" name="getLogOutTxtTest" time="14.391"/>
  <system-out>
    <![CDATA[Fetch Logout Text =Logout]]>
  </system-out>
</testsuite> <!-- testCases.OpenMenuPageTest -->
