<?xml version="1.0" encoding="UTF-8"?>
<!-- Generated by org.testng.reporters.JUnitReportReporter -->
<testsuite hostname="DESKTOP-JJCDIKB" failures="0" tests="1" name="testCases1.LoginPageTest1" time="10.940" errors="0" timestamp="2025-02-09T23:01:46 IST" skipped="0">
  <testcase classname="testCases1.LoginPageTest1" name="loginToApplicationTest" time="10.940"/>
  <system-out>
    <![CDATA[Get Invetory Page Url =https://www.saucedemo.com/inventory.html]]>
  </system-out>
</testsuite> <!-- testCases1.LoginPageTest1 -->
