<?xml version="1.0" encoding="UTF-8"?>
<!-- Generated by org.testng.reporters.JUnitReportReporter -->
<testsuite hostname="DESKTOP-JJCDIKB" failures="0" tests="1" name="testCases.LoginPageTest" time="14.212" errors="0" timestamp="2025-02-07T23:59:47 IST" skipped="0">
  <testcase classname="testCases.LoginPageTest" name="LoginToApplicationTest" time="14.212"/>
  <system-out>
    <![CDATA[Logged in Url =https://www.saucedemo.com/inventory.html]]>
  </system-out>
</testsuite> <!-- testCases.LoginPageTest -->
