<?xml version="1.0" encoding="UTF-8"?>
<!-- Generated by org.testng.reporters.JUnitReportReporter -->
<testsuite hostname="DESKTOP-JJCDIKB" failures="0" tests="2" name="testCases.InventoryPageTest" time="24.905" errors="0" timestamp="2025-02-05T01:31:27 IST" skipped="0">
  <testcase classname="testCases.InventoryPageTest" name="verifyTwitterLogoTest" time="17.358"/>
  <system-out>
    <![CDATA[Logo of Twitter =true]]>
  </system-out>
  <testcase classname="testCases.InventoryPageTest" name="verifyTwitterLogoTest" time="7.547"/>
  <system-out>
    <![CDATA[Logo of Twitter =true]]>
  </system-out>
</testsuite> <!-- testCases.InventoryPageTest -->
