<?xml version="1.0" encoding="UTF-8"?>
<!-- Generated by org.testng.reporters.JUnitReportReporter -->
<testsuite hostname="DESKTOP-JJCDIKB" failures="0" tests="7" name="testCases.CheckoutStepTwoPageTest" time="75.060" errors="0" timestamp="2025-02-06T00:57:10 IST" skipped="0">
  <testcase classname="testCases.CheckoutStepTwoPageTest" name="verifypaymentInfoTxtTest" time="9.850"/>
  <system-out>
    <![CDATA[Txt payment information =Payment Information:]]>
  </system-out>
  <testcase classname="testCases.CheckoutStepTwoPageTest" name="verifyitemTotalTxtTest" time="9.897"/>
  <system-out>
    <![CDATA[Txt Item total =Item total: $129.94]]>
  </system-out>
  <testcase classname="testCases.CheckoutStepTwoPageTest" name="verifyfreePonyExpDeliveryTxtTest" time="14.840"/>
  <system-out>
    <![CDATA[Txt Free Pony Express Delivery =Free Pony Express Delivery!]]>
  </system-out>
  <testcase classname="testCases.CheckoutStepTwoPageTest" name="verifycheckOutOverviewTxtTest" time="10.171"/>
  <system-out>
    <![CDATA[Txt checkout overview =Checkout: Overview]]>
  </system-out>
  <testcase classname="testCases.CheckoutStepTwoPageTest" name="verifyshippingInfoTxtTest" time="9.736"/>
  <system-out>
    <![CDATA[Txt Shipping Information =Shipping Information:]]>
  </system-out>
  <testcase classname="testCases.CheckoutStepTwoPageTest" name="verifytotalTxtTest" time="10.805"/>
  <system-out>
    <![CDATA[Txt Total =Total: $140.34]]>
  </system-out>
  <testcase classname="testCases.CheckoutStepTwoPageTest" name="verifysauceCardTxtTest" time="9.761"/>
  <system-out>
    <![CDATA[Txt SauceCard =SauceCard #31337]]>
  </system-out>
</testsuite> <!-- testCases.CheckoutStepTwoPageTest -->
